0 info it worked if it ends with ok
1 verbose cli [ '/Users/cperez354/.nvm/versions/node/v6.11.2/bin/node',
1 verbose cli   '/Users/cperez354/.nvm/versions/node/v6.11.2/bin/npm',
1 verbose cli   'run',
1 verbose cli   'check-estandard-two' ]
2 info using npm@3.10.10
3 info using node@v6.11.2
4 verbose run-script [ 'precheck-estandard-two',
4 verbose run-script   'check-estandard-two',
4 verbose run-script   'postcheck-estandard-two' ]
5 info lifecycle testone@1.1.1~precheck-estandard-two: testone@1.1.1
6 silly lifecycle testone@1.1.1~precheck-estandard-two: no script for precheck-estandard-two, continuing
7 info lifecycle testone@1.1.1~check-estandard-two: testone@1.1.1
8 verbose lifecycle testone@1.1.1~check-estandard-two: unsafe-perm in lifecycle true
9 verbose lifecycle testone@1.1.1~check-estandard-two: PATH: /Users/cperez354/.nvm/versions/node/v6.11.2/lib/node_modules/npm/bin/node-gyp-bin:/Volumes/CPEREZ/pragma/test/IBMIonicMobileArchetype/node_modules/.bin:/Users/cperez354/.nvm/versions/node/v6.11.2/bin:/usr/local/bin:/usr/bin:/bin:/usr/sbin:/sbin
10 verbose lifecycle testone@1.1.1~check-estandard-two: CWD: /Volumes/CPEREZ/pragma/test/IBMIonicMobileArchetype
11 silly lifecycle testone@1.1.1~check-estandard-two: Args: [ '-c',
11 silly lifecycle   'standard \'www/app/features/home/chat/chat.controller.js\'' ]
12 silly lifecycle testone@1.1.1~check-estandard-two: Returned: code: 1  signal: null
13 info lifecycle testone@1.1.1~check-estandard-two: Failed to exec check-estandard-two script
14 verbose stack Error: testone@1.1.1 check-estandard-two: `standard 'www/app/features/home/chat/chat.controller.js'`
14 verbose stack Exit status 1
14 verbose stack     at EventEmitter.<anonymous> (/Users/cperez354/.nvm/versions/node/v6.11.2/lib/node_modules/npm/lib/utils/lifecycle.js:255:16)
14 verbose stack     at emitTwo (events.js:106:13)
14 verbose stack     at EventEmitter.emit (events.js:191:7)
14 verbose stack     at ChildProcess.<anonymous> (/Users/cperez354/.nvm/versions/node/v6.11.2/lib/node_modules/npm/lib/utils/spawn.js:40:14)
14 verbose stack     at emitTwo (events.js:106:13)
14 verbose stack     at ChildProcess.emit (events.js:191:7)
14 verbose stack     at maybeClose (internal/child_process.js:891:16)
14 verbose stack     at Process.ChildProcess._handle.onexit (internal/child_process.js:226:5)
15 verbose pkgid testone@1.1.1
16 verbose cwd /Volumes/CPEREZ/pragma/test/IBMIonicMobileArchetype
17 error Darwin 16.7.0
18 error argv "/Users/cperez354/.nvm/versions/node/v6.11.2/bin/node" "/Users/cperez354/.nvm/versions/node/v6.11.2/bin/npm" "run" "check-estandard-two"
19 error node v6.11.2
20 error npm  v3.10.10
21 error code ELIFECYCLE
22 error testone@1.1.1 check-estandard-two: `standard 'www/app/features/home/chat/chat.controller.js'`
22 error Exit status 1
23 error Failed at the testone@1.1.1 check-estandard-two script 'standard 'www/app/features/home/chat/chat.controller.js''.
23 error Make sure you have the latest version of node.js and npm installed.
23 error If you do, this is most likely a problem with the testone package,
23 error not with npm itself.
23 error Tell the author that this fails on your system:
23 error     standard 'www/app/features/home/chat/chat.controller.js'
23 error You can get information on how to open an issue for this project with:
23 error     npm bugs testone
23 error Or if that isn't available, you can get their info via:
23 error     npm owner ls testone
23 error There is likely additional logging output above.
24 verbose exit [ 1, true ]
